[debug] [2023-11-08T12:03:32.689Z] ----------------------------------------------------------------------
[debug] [2023-11-08T12:03:32.691Z] Command:       /usr/local/bin/node /usr/local/bin/firebase init
[debug] [2023-11-08T12:03:32.692Z] CLI Version:   11.16.0
[debug] [2023-11-08T12:03:32.692Z] Platform:      darwin
[debug] [2023-11-08T12:03:32.692Z] Node Version:  v16.18.1
[debug] [2023-11-08T12:03:32.693Z] Time:          Wed Nov 08 2023 18:03:32 GMT+0600 (Bangladesh Standard Time)
[debug] [2023-11-08T12:03:32.694Z] ----------------------------------------------------------------------
[debug] 
[debug] [2023-11-08T12:03:32.701Z] > command requires scopes: ["email","openid","https://www.googleapis.com/auth/cloudplatformprojects.readonly","https://www.googleapis.com/auth/firebase","https://www.googleapis.com/auth/cloud-platform"]
[debug] [2023-11-08T12:03:32.701Z] > authorizing via signed-in user (fislam.ruet@gmail.com)
[info] 
     ######## #### ########  ######## ########     ###     ######  ########
     ##        ##  ##     ## ##       ##     ##  ##   ##  ##       ##
     ######    ##  ########  ######   ########  #########  ######  ######
     ##        ##  ##    ##  ##       ##     ## ##     ##       ## ##
     ##       #### ##     ## ######## ########  ##     ##  ######  ########

You're about to initialize a Firebase project in this directory:

  /Users/mahbub/Desktop/own-work/portfolio

[info] 
=== Project Setup
[info] 
[info] First, let's associate this project directory with a Firebase project.
[info] You can create multiple project aliases by running firebase use --add, 
[info] but for now we'll just set up a default project.
[info] 
[debug] [2023-11-08T12:03:38.991Z] >>> [apiv2][query] GET https://firebase.googleapis.com/v1beta1/projects pageSize=100
[debug] [2023-11-08T12:03:39.012Z] Failed to make request to https://firebase.googleapis.com/v1beta1/projects?pageSize=100
[debug] [2023-11-08T12:03:41.000Z] FirebaseError: Failed to make request to https://firebase.googleapis.com/v1beta1/projects?pageSize=100
    at RetryOperation._fn (/usr/local/lib/node_modules/firebase-tools/lib/apiv2.js:242:31)
    at processTicksAndRejections (node:internal/process/task_queues:96:5)
[error] 
[error] Error: Failed to list Firebase projects. See firebase-debug.log for more info.
